🔐 Starting Apple-Compliant Code Signing and Notarization Process...
[0;34m[INFO][0m Verifying Developer ID certificate...
[0;32m[SUCCESS][0m Found valid Developer ID certificate: Developer ID Application: Pathlit, Inc. (USNVYQ85XQ)
[0;34m[INFO][0m Checking SDK version...
[0;32m[SUCCESS][0m Using macOS SDK version: 15.4
[0;34m[INFO][0m Verifying Hardened Runtime is enabled...
[0;32m[SUCCESS][0m Hardened Runtime is enabled in project
[0;34m[INFO][0m Verifying entitlements...
[0;32m[SUCCESS][0m Entitlements file is properly formatted XML
[0;34m[INFO][0m Cleaning extended attributes...
[0;34m[INFO][0m Signing application with all Apple requirements...
build/Export/OTeePee.app: replacing existing signature
[0;32m[SUCCESS][0m App signed successfully with hardened runtime and timestamp
[0;34m[INFO][0m Verifying code signature meets Apple requirements...
[0;32m[SUCCESS][0m ✅ Hardened Runtime is enabled
[0;32m[SUCCESS][0m ✅ Secure timestamp is included
[0;32m[SUCCESS][0m ✅ Signed with Developer ID certificate
[0;34m[INFO][0m Running spctl verification...
build/Export/OTeePee.app: rejected
source=Unnotarized Developer ID
origin=Developer ID Application: Pathlit, Inc. (USNVYQ85XQ)
